;  LST file generated by mikroListExporter - v.2.0 
; Date/Time: 2018-11-30 ¿ÀÈÄ 1:18:48
;----------------------------------------------

;Address Opcode 	ASM
0x0000	0x28D4      	GOTO       212
_Interrupt:
0x0004	0x00FF      	MOVWF      R15
0x0005	0x0E03      	SWAPF      STATUS, 0
0x0006	0x0183      	CLRF       STATUS
0x0007	0x00C1      	MOVWF      ___saveSTATUS
0x0008	0x080A      	MOVF       PCLATH, 0
0x0009	0x00C2      	MOVWF      ___savePCLATH
0x000A	0x018A      	CLRF       PCLATH
;16F688MPPT.mpas,68 :: 		begin
;16F688MPPT.mpas,69 :: 		if T0IF_bit=1 then begin
0x000B	0x1D0B      	BTFSS      T0IF_bit, BitPos(T0IF_bit+0)
0x000C	0x281D      	GOTO       L__Interrupt3
;16F688MPPT.mpas,70 :: 		PWM_SIG:=not PWM_SIG;
0x000D	0x3002      	MOVLW      2
0x000E	0x0687      	XORWF      RC1_bit, 1
;16F688MPPT.mpas,71 :: 		if PWM_SIG=0 then begin
0x000F	0x1887      	BTFSC      RC1_bit, BitPos(RC1_bit+0)
0x0010	0x2819      	GOTO       L__Interrupt6
;16F688MPPT.mpas,72 :: 		doADCRead:=1;
0x0011	0x3001      	MOVLW      1
0x0012	0x00A8      	MOVWF      _doADCRead
;16F688MPPT.mpas,74 :: 		ON_PWM:=VOLPWM;
0x0013	0x083B      	MOVF       _VOLPWM, 0
0x0014	0x00BC      	MOVWF      _ON_PWM
;16F688MPPT.mpas,75 :: 		TMR0:=255-ON_PWM;
0x0015	0x083B      	MOVF       _VOLPWM, 0
0x0016	0x3CFF      	SUBLW      255
0x0017	0x0081      	MOVWF      TMR0
;16F688MPPT.mpas,76 :: 		end else begin
0x0018	0x281C      	GOTO       L__Interrupt7
L__Interrupt6:
;16F688MPPT.mpas,78 :: 		TMR0:=255-PWM_MAX+ON_PWM;
0x0019	0x083C      	MOVF       _ON_PWM, 0
0x001A	0x3E19      	ADDLW      25
0x001B	0x0081      	MOVWF      TMR0
;16F688MPPT.mpas,79 :: 		end;
L__Interrupt7:
;16F688MPPT.mpas,80 :: 		T0IF_bit:=0;
0x001C	0x110B      	BCF        T0IF_bit, BitPos(T0IF_bit+0)
;16F688MPPT.mpas,81 :: 		end;
L__Interrupt3:
;16F688MPPT.mpas,82 :: 		if T1IF_bit=1 then begin
0x001D	0x1C0C      	BTFSS      T1IF_bit, BitPos(T1IF_bit+0)
0x001E	0x2827      	GOTO       L__Interrupt9
;16F688MPPT.mpas,83 :: 		TMR1H:=TMR1H_LOAD;
0x001F	0x30F8      	MOVLW      248
0x0020	0x008F      	MOVWF      TMR1H
;16F688MPPT.mpas,84 :: 		TMR1L:=TMR1L_LOAD;
0x0021	0x3030      	MOVLW      48
0x0022	0x008E      	MOVWF      TMR1L
;16F688MPPT.mpas,85 :: 		T1IF_bit:=0;
0x0023	0x100C      	BCF        T1IF_bit, BitPos(T1IF_bit+0)
;16F688MPPT.mpas,86 :: 		Inc(TICK_1000);
0x0024	0x0ABE      	INCF       _TICK_1000, 1
0x0025	0x1903      	BTFSC      STATUS, 2
0x0026	0x0ABF      	INCF       _TICK_1000+1, 1
;16F688MPPT.mpas,87 :: 		end;
L__Interrupt9:
;16F688MPPT.mpas,88 :: 		end;
L_end_Interrupt:
L__Interrupt67:
0x0027	0x0842      	MOVF       ___savePCLATH, 0
0x0028	0x008A      	MOVWF      PCLATH
0x0029	0x0E41      	SWAPF      ___saveSTATUS, 0
0x002A	0x0083      	MOVWF      STATUS
0x002B	0x0EFF      	SWAPF      R15, 1
0x002C	0x0E7F      	SWAPF      R15, 0
0x002D	0x0009      	RETFIE
; end of _Interrupt
_Delay_22us:
;__Lib_Delays.mpas,39 :: 		begin
;__Lib_Delays.mpas,40 :: 		Delay_us(22);
0x002E	0x300E      	MOVLW      14
0x002F	0x1283      	BCF        STATUS, 5
0x0030	0x1303      	BCF        STATUS, 6
0x0031	0x00FD      	MOVWF      R13
L__Delay_22us5:
0x0032	0x0BFD      	DECFSZ     R13, 1
0x0033	0x2832      	GOTO       L__Delay_22us5
0x0034	0x0000      	NOP
;__Lib_Delays.mpas,41 :: 		end;
L_end_Delay_22us:
0x0035	0x0008      	RETURN
; end of _Delay_22us
_Delay_100ms:
;__Lib_Delays.mpas,79 :: 		begin
;__Lib_Delays.mpas,80 :: 		Delay_ms(100);
0x0036	0x3002      	MOVLW      2
0x0037	0x1283      	BCF        STATUS, 5
0x0038	0x1303      	BCF        STATUS, 6
0x0039	0x00FB      	MOVWF      R11
0x003A	0x3004      	MOVLW      4
0x003B	0x00FC      	MOVWF      R12
0x003C	0x30BA      	MOVLW      186
0x003D	0x00FD      	MOVWF      R13
L__Delay_100ms21:
0x003E	0x0BFD      	DECFSZ     R13, 1
0x003F	0x283E      	GOTO       L__Delay_100ms21
0x0040	0x0BFC      	DECFSZ     R12, 1
0x0041	0x283E      	GOTO       L__Delay_100ms21
0x0042	0x0BFB      	DECFSZ     R11, 1
0x0043	0x283E      	GOTO       L__Delay_100ms21
0x0044	0x0000      	NOP
;__Lib_Delays.mpas,81 :: 		end;
L_end_Delay_100ms:
0x0045	0x0008      	RETURN
; end of _Delay_100ms
_ADC_Read:
;__Lib_ADC_A_B.mpas,59 :: 		
;__Lib_ADC_A_B.mpas,61 :: 		
0x0046	0x30C3      	MOVLW      195
0x0047	0x1283      	BCF        STATUS, 5
0x0048	0x1303      	BCF        STATUS, 6
0x0049	0x059F      	ANDWF      ADCON0, 1
;__Lib_ADC_A_B.mpas,66 :: 		
0x004A	0x3040      	MOVLW      64
0x004B	0x059F      	ANDWF      ADCON0, 1
;__Lib_ADC_A_B.mpas,67 :: 		
0x004C	0x30F0      	MOVLW      240
0x004D	0x1683      	BSF        STATUS, 5
0x004E	0x049F      	IORWF      ADCON1, 1
;__Lib_ADC_A_B.mpas,68 :: 		
0x004F	0x1283      	BCF        STATUS, 5
0x0050	0x179F      	BSF        ADCON0, 7
;__Lib_ADC_A_B.mpas,69 :: 		
0x0051	0x0845      	MOVF       FARG_ADC_Read_channel, 0
0x0052	0x00F0      	MOVWF      R0
0x0053	0x0DF0      	RLF        R0, 1
0x0054	0x1070      	BCF        R0, 0
0x0055	0x0DF0      	RLF        R0, 1
0x0056	0x1070      	BCF        R0, 0
0x0057	0x0870      	MOVF       R0, 0
0x0058	0x049F      	IORWF      ADCON0, 1
;__Lib_ADC_A_B.mpas,72 :: 		
0x0059	0x141F      	BSF        ADCON0, 0
;__Lib_ADC_A_B.mpas,75 :: 		
0x005A	0x202E      	CALL       _Delay_22us
;__Lib_ADC_A_B.mpas,78 :: 		
0x005B	0x149F      	BSF        ADCON0, 1
;__Lib_ADC_A_B.mpas,81 :: 		
L__ADC_Read9:
0x005C	0x1C9F      	BTFSS      ADCON0, 1
0x005D	0x2860      	GOTO       L__ADC_Read10
0x005E	0x0000      	NOP
0x005F	0x285C      	GOTO       L__ADC_Read9
L__ADC_Read10:
;__Lib_ADC_A_B.mpas,84 :: 		
0x0060	0x101F      	BCF        ADCON0, 0
;__Lib_ADC_A_B.mpas,87 :: 		
0x0061	0x081E      	MOVF       ADRESH, 0
0x0062	0x00F1      	MOVWF      R0+1
0x0063	0x01F0      	CLRF       R0
0x0064	0x1683      	BSF        STATUS, 5
0x0065	0x081E      	MOVF       ADRESL, 0
0x0066	0x0470      	IORWF      R0, 0
0x0067	0x1283      	BCF        STATUS, 5
0x0068	0x00C6      	MOVWF      ADC_Read_local_result
0x0069	0x0871      	MOVF       R0+1, 0
0x006A	0x00C7      	MOVWF      ADC_Read_local_result+1
0x006B	0x3000      	MOVLW      0
0x006C	0x04C7      	IORWF      ADC_Read_local_result+1, 1
;__Lib_ADC_A_B.mpas,89 :: 		
0x006D	0x0846      	MOVF       ADC_Read_local_result, 0
0x006E	0x00F0      	MOVWF      R0
0x006F	0x0847      	MOVF       ADC_Read_local_result+1, 0
0x0070	0x00F1      	MOVWF      R0+1
L_end_ADC_Read:
0x0071	0x0008      	RETURN
; end of _ADC_Read
_Mul_32x32_U:
;__Lib_Math.mpas,1774 :: 		
;__Lib_Math.mpas,1788 :: 		
0x0072	0x1283      	BCF        STATUS, 5
;__Lib_Math.mpas,1789 :: 		
0x0073	0x1303      	BCF        STATUS, 6
;__Lib_Math.mpas,1790 :: 		
0x0074	0x3022      	MOVLW      34
;__Lib_Math.mpas,1791 :: 		
0x0075	0x00FC      	MOVWF      R12
;__Lib_Math.mpas,1792 :: 		
0x0076	0x01F8      	CLRF       R8
;__Lib_Math.mpas,1793 :: 		
0x0077	0x01F9      	CLRF       R9
;__Lib_Math.mpas,1794 :: 		
0x0078	0x01FA      	CLRF       R10
;__Lib_Math.mpas,1795 :: 		
0x0079	0x01FB      	CLRF       R11
;__Lib_Math.mpas,1797 :: 		
_NEXT:
;__Lib_Math.mpas,1801 :: 		
0x007A	0x03FC      	DECF       R12, 1
;__Lib_Math.mpas,1802 :: 		
0x007B	0x1903      	BTFSC      STATUS, 2
;__Lib_Math.mpas,1803 :: 		
0x007C	0x28A8      	GOTO       _EXIT2
;__Lib_Math.mpas,1804 :: 		
0x007D	0x1003      	BCF        STATUS, 0
;__Lib_Math.mpas,1806 :: 		
_LOOP:
;__Lib_Math.mpas,1815 :: 		
0x007E	0x0CFB      	RRF        R11, 1
;__Lib_Math.mpas,1816 :: 		
0x007F	0x0CFA      	RRF        R10, 1
;__Lib_Math.mpas,1817 :: 		
0x0080	0x0CF9      	RRF        R9, 1
;__Lib_Math.mpas,1818 :: 		
0x0081	0x0CF8      	RRF        R8, 1
;__Lib_Math.mpas,1819 :: 		
0x0082	0x0CF3      	RRF        R3, 1
;__Lib_Math.mpas,1820 :: 		
0x0083	0x0CF2      	RRF        R2, 1
;__Lib_Math.mpas,1821 :: 		
0x0084	0x0CF1      	RRF        R1, 1
;__Lib_Math.mpas,1822 :: 		
0x0085	0x0CF0      	RRF        R0, 1
;__Lib_Math.mpas,1827 :: 		
0x0086	0x1C03      	BTFSS      STATUS, 0
;__Lib_Math.mpas,1828 :: 		
0x0087	0x287A      	GOTO       _NEXT
;__Lib_Math.mpas,1829 :: 		
0x0088	0x03FC      	DECF       R12, 1
;__Lib_Math.mpas,1830 :: 		
0x0089	0x1903      	BTFSC      STATUS, 2
;__Lib_Math.mpas,1831 :: 		
0x008A	0x289A      	GOTO       _EXIT1
;__Lib_Math.mpas,1838 :: 		
0x008B	0x0874      	MOVF       R4, 0
;__Lib_Math.mpas,1839 :: 		
0x008C	0x07F8      	ADDWF      R8, 1
;__Lib_Math.mpas,1840 :: 		
0x008D	0x0875      	MOVF       R5, 0
;__Lib_Math.mpas,1841 :: 		
0x008E	0x1803      	BTFSC      STATUS, 0
;__Lib_Math.mpas,1842 :: 		
0x008F	0x0F75      	INCFSZ     R5, 0
;__Lib_Math.mpas,1843 :: 		
0x0090	0x07F9      	ADDWF      R9, 1
;__Lib_Math.mpas,1844 :: 		
0x0091	0x0876      	MOVF       R6, 0
;__Lib_Math.mpas,1845 :: 		
0x0092	0x1803      	BTFSC      STATUS, 0
;__Lib_Math.mpas,1846 :: 		
0x0093	0x0F76      	INCFSZ     R6, 0
;__Lib_Math.mpas,1847 :: 		
0x0094	0x07FA      	ADDWF      R10, 1
;__Lib_Math.mpas,1848 :: 		
0x0095	0x0877      	MOVF       R7, 0
;__Lib_Math.mpas,1849 :: 		
0x0096	0x1803      	BTFSC      STATUS, 0
;__Lib_Math.mpas,1850 :: 		
0x0097	0x0F77      	INCFSZ     R7, 0
;__Lib_Math.mpas,1851 :: 		
0x0098	0x07FB      	ADDWF      R11, 1
;__Lib_Math.mpas,1853 :: 		
0x0099	0x287E      	GOTO       _LOOP
;__Lib_Math.mpas,1855 :: 		
_EXIT1:
;__Lib_Math.mpas,1860 :: 		
0x009A	0x0874      	MOVF       R4, 0
;__Lib_Math.mpas,1861 :: 		
0x009B	0x07F8      	ADDWF      R8, 1
;__Lib_Math.mpas,1862 :: 		
0x009C	0x0875      	MOVF       R5, 0
;__Lib_Math.mpas,1863 :: 		
0x009D	0x1803      	BTFSC      STATUS, 0
;__Lib_Math.mpas,1864 :: 		
0x009E	0x0F75      	INCFSZ     R5, 0
;__Lib_Math.mpas,1865 :: 		
0x009F	0x07F9      	ADDWF      R9, 1
;__Lib_Math.mpas,1866 :: 		
0x00A0	0x0876      	MOVF       R6, 0
;__Lib_Math.mpas,1867 :: 		
0x00A1	0x1803      	BTFSC      STATUS, 0
;__Lib_Math.mpas,1868 :: 		
0x00A2	0x0F76      	INCFSZ     R6, 0
;__Lib_Math.mpas,1869 :: 		
0x00A3	0x07FA      	ADDWF      R10, 1
;__Lib_Math.mpas,1870 :: 		
0x00A4	0x0877      	MOVF       R7, 0
;__Lib_Math.mpas,1871 :: 		
0x00A5	0x1803      	BTFSC      STATUS, 0
;__Lib_Math.mpas,1872 :: 		
0x00A6	0x0F77      	INCFSZ     R7, 0
;__Lib_Math.mpas,1873 :: 		
0x00A7	0x07FB      	ADDWF      R11, 1
;__Lib_Math.mpas,1876 :: 		
_EXIT2:
;__Lib_Math.mpas,1878 :: 		
L_end_Mul_32x32_U:
0x00A8	0x0008      	RETURN
; end of _Mul_32x32_U
_EEPROM_Write:
;__Lib_EEPROM.mpas,27 :: 		
;__Lib_EEPROM.mpas,28 :: 		
L__EEPROM_Write3:
0x00A9	0x1683      	BSF        STATUS, 5
0x00AA	0x1303      	BCF        STATUS, 6
0x00AB	0x1C9C      	BTFSS      EECON1, 1
0x00AC	0x28AF      	GOTO       L__EEPROM_Write4
0x00AD	0x0000      	NOP
0x00AE	0x28A9      	GOTO       L__EEPROM_Write3
L__EEPROM_Write4:
;__Lib_EEPROM.mpas,30 :: 		
0x00AF	0x1283      	BCF        STATUS, 5
0x00B0	0x0845      	MOVF       FARG_EEPROM_Write_address, 0
0x00B1	0x1683      	BSF        STATUS, 5
0x00B2	0x009B      	MOVWF      EEADR
;__Lib_EEPROM.mpas,31 :: 		
0x00B3	0x1283      	BCF        STATUS, 5
0x00B4	0x0846      	MOVF       FARG_EEPROM_Write_data_, 0
0x00B5	0x1683      	BSF        STATUS, 5
0x00B6	0x009A      	MOVWF      EEDATA
;__Lib_EEPROM.mpas,32 :: 		
0x00B7	0x139C      	BCF        EECON1, 7
;__Lib_EEPROM.mpas,33 :: 		
0x00B8	0x151C      	BSF        EECON1, 2
;__Lib_EEPROM.mpas,35 :: 		
0x00B9	0x080B      	MOVF       INTCON, 0
0x00BA	0x00F0      	MOVWF      R0
;__Lib_EEPROM.mpas,38 :: 		
0x00BB	0x138B      	BCF        INTCON, 7
;__Lib_EEPROM.mpas,39 :: 		
0x00BC	0x3055      	MOVLW      85
0x00BD	0x009D      	MOVWF      EECON2
;__Lib_EEPROM.mpas,40 :: 		
0x00BE	0x30AA      	MOVLW      170
0x00BF	0x009D      	MOVWF      EECON2
;__Lib_EEPROM.mpas,41 :: 		
0x00C0	0x149C      	BSF        EECON1, 1
;__Lib_EEPROM.mpas,45 :: 		
0x00C1	0x1BF0      	BTFSC      R0, 7
0x00C2	0x28C5      	GOTO       L__EEPROM_Write9
0x00C3	0x138B      	BCF        INTCON, 7
0x00C4	0x28C6      	GOTO       L__EEPROM_Write10
L__EEPROM_Write9:
0x00C5	0x178B      	BSF        INTCON, 7
L__EEPROM_Write10:
;__Lib_EEPROM.mpas,46 :: 		
0x00C6	0x111C      	BCF        EECON1, 2
;__Lib_EEPROM.mpas,47 :: 		
L_end_EEPROM_Write:
0x00C7	0x0008      	RETURN
; end of _EEPROM_Write
_EEPROM_Read:
;__Lib_EEPROM.mpas,13 :: 		
;__Lib_EEPROM.mpas,14 :: 		
0x00C8	0x1283      	BCF        STATUS, 5
0x00C9	0x1303      	BCF        STATUS, 6
0x00CA	0x0845      	MOVF       FARG_EEPROM_Read_address, 0
0x00CB	0x1683      	BSF        STATUS, 5
0x00CC	0x009B      	MOVWF      EEADR
;__Lib_EEPROM.mpas,15 :: 		
0x00CD	0x139C      	BCF        EECON1, 7
;__Lib_EEPROM.mpas,21 :: 		
0x00CE	0x141C      	BSF        EECON1, 0
;__Lib_EEPROM.mpas,22 :: 		
0x00CF	0x081A      	MOVF       EEDATA, 0
0x00D0	0x00F1      	MOVWF      R1
;__Lib_EEPROM.mpas,23 :: 		
0x00D1	0x0871      	MOVF       R1, 0
0x00D2	0x00F0      	MOVWF      R0
L_end_EEPROM_Read:
0x00D3	0x0008      	RETURN
; end of _EEPROM_Read
_main:
;16F688MPPT.mpas,90 :: 		begin
;16F688MPPT.mpas,91 :: 		CMCON0:=7;
0x00D4	0x3007      	MOVLW      7
0x00D5	0x1283      	BCF        STATUS, 5
0x00D6	0x1303      	BCF        STATUS, 6
0x00D7	0x0099      	MOVWF      CMCON0
;16F688MPPT.mpas,92 :: 		ANSEL:=%00000101;       // ADC conversion clock = fRC, RA0=Current, RA2=Voltage
0x00D8	0x3005      	MOVLW      5
0x00D9	0x1683      	BSF        STATUS, 5
0x00DA	0x0091      	MOVWF      ANSEL
;16F688MPPT.mpas,93 :: 		TRISA0_bit:=1;
0x00DB	0x1405      	BSF        TRISA0_bit, BitPos(TRISA0_bit+0)
;16F688MPPT.mpas,94 :: 		TRISA1_bit:=1;          // Vref
0x00DC	0x1485      	BSF        TRISA1_bit, BitPos(TRISA1_bit+0)
;16F688MPPT.mpas,95 :: 		TRISA2_bit:=1;
0x00DD	0x1505      	BSF        TRISA2_bit, BitPos(TRISA2_bit+0)
;16F688MPPT.mpas,96 :: 		VCFG_bit:=1;
0x00DE	0x1283      	BCF        STATUS, 5
0x00DF	0x171F      	BSF        VCFG_bit, BitPos(VCFG_bit+0)
;16F688MPPT.mpas,97 :: 		CHS1_bit:=1;
0x00E0	0x159F      	BSF        CHS1_bit, BitPos(CHS1_bit+0)
;16F688MPPT.mpas,98 :: 		ADFM_bit:=1;
0x00E1	0x179F      	BSF        ADFM_bit, BitPos(ADFM_bit+0)
;16F688MPPT.mpas,100 :: 		TRISC1_bit:=0;          // PWM
0x00E2	0x1683      	BSF        STATUS, 5
0x00E3	0x1087      	BCF        TRISC1_bit, BitPos(TRISC1_bit+0)
;16F688MPPT.mpas,101 :: 		TRISC4_bit:=0;          // LED
0x00E4	0x1207      	BCF        TRISC4_bit, BitPos(TRISC4_bit+0)
;16F688MPPT.mpas,102 :: 		TRISC3_bit:=1;          // OP-AMP Cal
0x00E5	0x1587      	BSF        TRISC3_bit, BitPos(TRISC3_bit+0)
;16F688MPPT.mpas,104 :: 		LED1:=0;
0x00E6	0x1283      	BCF        STATUS, 5
0x00E7	0x1207      	BCF        RC4_bit, BitPos(RC4_bit+0)
;16F688MPPT.mpas,105 :: 		PWM_SIG:=1;
0x00E8	0x1487      	BSF        RC1_bit, BitPos(RC1_bit+0)
;16F688MPPT.mpas,106 :: 		LED1_tm:=100;
0x00E9	0x3064      	MOVLW      100
0x00EA	0x00C0      	MOVWF      _LED1_tm
;16F688MPPT.mpas,107 :: 		ON_PWM:=0;
0x00EB	0x01BC      	CLRF       _ON_PWM
;16F688MPPT.mpas,108 :: 		VOLPWM:=0;
0x00EC	0x01BB      	CLRF       _VOLPWM
;16F688MPPT.mpas,109 :: 		TICK_1000:=0;
0x00ED	0x01BE      	CLRF       _TICK_1000
0x00EE	0x01BF      	CLRF       _TICK_1000+1
;16F688MPPT.mpas,111 :: 		OPTION_REG:=%11011111;        // ~4KHz @ 4MHz, 1000000 / 4 = 3.9k
0x00EF	0x30DF      	MOVLW      223
0x00F0	0x1683      	BSF        STATUS, 5
0x00F1	0x0081      	MOVWF      OPTION_REG
;16F688MPPT.mpas,112 :: 		TMR0IE_bit:=1;
0x00F2	0x168B      	BSF        TMR0IE_bit, BitPos(TMR0IE_bit+0)
;16F688MPPT.mpas,114 :: 		LM358_diff:=cLM358_diff;
0x00F3	0x1283      	BCF        STATUS, 5
0x00F4	0x01BD      	CLRF       _LM358_diff
;16F688MPPT.mpas,115 :: 		Delay_100ms;
0x00F5	0x2036      	CALL       _Delay_100ms
;16F688MPPT.mpas,116 :: 		Delay_100ms;
0x00F6	0x2036      	CALL       _Delay_100ms
;16F688MPPT.mpas,117 :: 		ClrWDT;
0x00F7	0x0064      	CLRWDT
;16F688MPPT.mpas,119 :: 		if Write_OPAMP=0 then begin
0x00F8	0x1987      	BTFSC      RC3_bit, BitPos(RC3_bit+0)
0x00F9	0x2915      	GOTO       L__main13
;16F688MPPT.mpas,120 :: 		Delay_100ms;
0x00FA	0x2036      	CALL       _Delay_100ms
;16F688MPPT.mpas,121 :: 		Delay_100ms;
0x00FB	0x2036      	CALL       _Delay_100ms
;16F688MPPT.mpas,122 :: 		adc_cur:=ADC_Read(0);
0x00FC	0x01C5      	CLRF       FARG_ADC_Read_channel
0x00FD	0x2046      	CALL       _ADC_Read
0x00FE	0x0870      	MOVF       R0, 0
0x00FF	0x00C3      	MOVWF      _adc_cur
0x0100	0x0871      	MOVF       R0+1, 0
0x0101	0x00C4      	MOVWF      _adc_cur+1
;16F688MPPT.mpas,123 :: 		EEPROM_Write(0, Lo(adc_cur));
0x0102	0x01C5      	CLRF       FARG_EEPROM_Write_address
0x0103	0x0843      	MOVF       _adc_cur, 0
0x0104	0x00C6      	MOVWF      FARG_EEPROM_Write_data_
0x0105	0x20A9      	CALL       _EEPROM_Write
;16F688MPPT.mpas,124 :: 		Delay_100ms;
0x0106	0x2036      	CALL       _Delay_100ms
;16F688MPPT.mpas,125 :: 		LED1:=1;
0x0107	0x1607      	BSF        RC4_bit, BitPos(RC4_bit+0)
;16F688MPPT.mpas,126 :: 		Delay_ms(700);
0x0108	0x3008      	MOVLW      8
0x0109	0x00FB      	MOVWF      R11
0x010A	0x301B      	MOVLW      27
0x010B	0x00FC      	MOVWF      R12
0x010C	0x3027      	MOVLW      39
0x010D	0x00FD      	MOVWF      R13
L__main15:
0x010E	0x0BFD      	DECFSZ     R13, 1
0x010F	0x290E      	GOTO       L__main15
0x0110	0x0BFC      	DECFSZ     R12, 1
0x0111	0x290E      	GOTO       L__main15
0x0112	0x0BFB      	DECFSZ     R11, 1
0x0113	0x290E      	GOTO       L__main15
;16F688MPPT.mpas,127 :: 		LED1:=0;
0x0114	0x1207      	BCF        RC4_bit, BitPos(RC4_bit+0)
;16F688MPPT.mpas,128 :: 		end;
L__main13:
;16F688MPPT.mpas,129 :: 		ClrWDT;
0x0115	0x0064      	CLRWDT
;16F688MPPT.mpas,133 :: 		Delay_100ms;
0x0116	0x2036      	CALL       _Delay_100ms
;16F688MPPT.mpas,134 :: 		LM358_diff:=EEPROM_Read(0);
0x0117	0x01C5      	CLRF       FARG_EEPROM_Read_address
0x0118	0x20C8      	CALL       _EEPROM_Read
0x0119	0x0870      	MOVF       R0, 0
0x011A	0x1283      	BCF        STATUS, 5
0x011B	0x00BD      	MOVWF      _LM358_diff
;16F688MPPT.mpas,136 :: 		if LM358_diff>$1f then
0x011C	0x0870      	MOVF       R0, 0
0x011D	0x3C1F      	SUBLW      31
0x011E	0x1803      	BTFSC      STATUS, 0
0x011F	0x2921      	GOTO       L__main17
;16F688MPPT.mpas,137 :: 		LM358_diff:=0;
0x0120	0x01BD      	CLRF       _LM358_diff
L__main17:
;16F688MPPT.mpas,143 :: 		T1CKPS1_bit:=0;
0x0121	0x1290      	BCF        T1CKPS1_bit, BitPos(T1CKPS1_bit+0)
;16F688MPPT.mpas,144 :: 		T1CKPS0_bit:=0;               // timer prescaler 1:1
0x0122	0x1210      	BCF        T1CKPS0_bit, BitPos(T1CKPS0_bit+0)
;16F688MPPT.mpas,146 :: 		TMR1CS_bit:=0;
0x0123	0x1090      	BCF        TMR1CS_bit, BitPos(TMR1CS_bit+0)
;16F688MPPT.mpas,147 :: 		TMR1L:=TMR1L_LOAD;
0x0124	0x3030      	MOVLW      48
0x0125	0x008E      	MOVWF      TMR1L
;16F688MPPT.mpas,148 :: 		TMR1H:=TMR1H_LOAD;
0x0126	0x30F8      	MOVLW      248
0x0127	0x008F      	MOVWF      TMR1H
;16F688MPPT.mpas,149 :: 		T1IF_bit:=0;
0x0128	0x100C      	BCF        T1IF_bit, BitPos(T1IF_bit+0)
;16F688MPPT.mpas,151 :: 		adc_vol:=0;
0x0129	0x01B2      	CLRF       _adc_vol
0x012A	0x01B3      	CLRF       _adc_vol+1
;16F688MPPT.mpas,152 :: 		adc_cur:=0;
0x012B	0x01C3      	CLRF       _adc_cur
0x012C	0x01C4      	CLRF       _adc_cur+1
;16F688MPPT.mpas,153 :: 		power_curr:=0;
0x012D	0x01AE      	CLRF       _power_curr
0x012E	0x01AF      	CLRF       _power_curr+1
0x012F	0x01B0      	CLRF       _power_curr+2
0x0130	0x01B1      	CLRF       _power_curr+3
;16F688MPPT.mpas,155 :: 		TMR1IE_bit:=1;
0x0131	0x1683      	BSF        STATUS, 5
0x0132	0x140C      	BSF        TMR1IE_bit, BitPos(TMR1IE_bit+0)
;16F688MPPT.mpas,156 :: 		PEIE_bit:=1;
0x0133	0x170B      	BSF        PEIE_bit, BitPos(PEIE_bit+0)
;16F688MPPT.mpas,158 :: 		GIE_bit:=1;                   // enable Interrupt
0x0134	0x178B      	BSF        GIE_bit, BitPos(GIE_bit+0)
;16F688MPPT.mpas,160 :: 		TMR1ON_bit:=1;
0x0135	0x1283      	BCF        STATUS, 5
0x0136	0x1410      	BSF        TMR1ON_bit, BitPos(TMR1ON_bit+0)
;16F688MPPT.mpas,162 :: 		VOLPWM:=PWM_MID;
0x0137	0x306E      	MOVLW      110
0x0138	0x00BB      	MOVWF      _VOLPWM
;16F688MPPT.mpas,163 :: 		flag_inc:=False;
0x0139	0x01AD      	CLRF       _flag_inc
;16F688MPPT.mpas,164 :: 		vol_prev1:=0;
0x013A	0x01AB      	CLRF       _vol_prev1
0x013B	0x01AC      	CLRF       _vol_prev1+1
;16F688MPPT.mpas,166 :: 		powertime:=0;
0x013C	0x01A4      	CLRF       _powertime
0x013D	0x01A5      	CLRF       _powertime+1
;16F688MPPT.mpas,167 :: 		prevtime:=0;
0x013E	0x01A2      	CLRF       _prevtime
0x013F	0x01A3      	CLRF       _prevtime+1
;16F688MPPT.mpas,168 :: 		voltime:=0;
0x0140	0x01A0      	CLRF       _voltime
0x0141	0x01A1      	CLRF       _voltime+1
;16F688MPPT.mpas,171 :: 		clrwdt;
0x0142	0x0064      	CLRWDT
;16F688MPPT.mpas,172 :: 		delay_ms(300);
0x0143	0x3004      	MOVLW      4
0x0144	0x00FB      	MOVWF      R11
0x0145	0x300C      	MOVLW      12
0x0146	0x00FC      	MOVWF      R12
0x0147	0x3033      	MOVLW      51
0x0148	0x00FD      	MOVWF      R13
L__main19:
0x0149	0x0BFD      	DECFSZ     R13, 1
0x014A	0x2949      	GOTO       L__main19
0x014B	0x0BFC      	DECFSZ     R12, 1
0x014C	0x2949      	GOTO       L__main19
0x014D	0x0BFB      	DECFSZ     R11, 1
0x014E	0x2949      	GOTO       L__main19
0x014F	0x0000      	NOP
0x0150	0x0000      	NOP
;16F688MPPT.mpas,173 :: 		LED1:=1;
0x0151	0x1607      	BSF        RC4_bit, BitPos(RC4_bit+0)
;16F688MPPT.mpas,174 :: 		delay_ms(500);
0x0152	0x3006      	MOVLW      6
0x0153	0x00FB      	MOVWF      R11
0x0154	0x3013      	MOVLW      19
0x0155	0x00FC      	MOVWF      R12
0x0156	0x30AD      	MOVLW      173
0x0157	0x00FD      	MOVWF      R13
L__main20:
0x0158	0x0BFD      	DECFSZ     R13, 1
0x0159	0x2958      	GOTO       L__main20
0x015A	0x0BFC      	DECFSZ     R12, 1
0x015B	0x2958      	GOTO       L__main20
0x015C	0x0BFB      	DECFSZ     R11, 1
0x015D	0x2958      	GOTO       L__main20
0x015E	0x0000      	NOP
0x015F	0x0000      	NOP
;16F688MPPT.mpas,175 :: 		LED1:=0;
0x0160	0x1207      	BCF        RC4_bit, BitPos(RC4_bit+0)
;16F688MPPT.mpas,176 :: 		clrwdt;
0x0161	0x0064      	CLRWDT
;16F688MPPT.mpas,178 :: 		while True do begin
L__main22:
;16F688MPPT.mpas,180 :: 		wtmp := TICK_1000;
0x0162	0x083E      	MOVF       _TICK_1000, 0
0x0163	0x00A9      	MOVWF      _wtmp
0x0164	0x083F      	MOVF       _TICK_1000+1, 0
0x0165	0x00AA      	MOVWF      _wtmp+1
;16F688MPPT.mpas,181 :: 		if wtmp - prevtime > LED1_tm then begin
0x0166	0x0822      	MOVF       _prevtime, 0
0x0167	0x023E      	SUBWF      _TICK_1000, 0
0x0168	0x00F1      	MOVWF      R1
0x0169	0x0823      	MOVF       _prevtime+1, 0
0x016A	0x1C03      	BTFSS      STATUS, 0
0x016B	0x3E01      	ADDLW      1
0x016C	0x023F      	SUBWF      _TICK_1000+1, 0
0x016D	0x00F2      	MOVWF      R1+1
0x016E	0x0872      	MOVF       R1+1, 0
0x016F	0x3C00      	SUBLW      0
0x0170	0x1D03      	BTFSS      STATUS, 2
0x0171	0x2974      	GOTO       L__main69
0x0172	0x0871      	MOVF       R1, 0
0x0173	0x0240      	SUBWF      _LED1_tm, 0
L__main69:
0x0174	0x1803      	BTFSC      STATUS, 0
0x0175	0x297C      	GOTO       L__main27
;16F688MPPT.mpas,182 :: 		prevtime := wtmp;
0x0176	0x0829      	MOVF       _wtmp, 0
0x0177	0x00A2      	MOVWF      _prevtime
0x0178	0x082A      	MOVF       _wtmp+1, 0
0x0179	0x00A3      	MOVWF      _prevtime+1
;16F688MPPT.mpas,183 :: 		LED1 := not LED1;
0x017A	0x3010      	MOVLW      16
0x017B	0x0687      	XORWF      RC4_bit, 1
;16F688MPPT.mpas,184 :: 		end;
L__main27:
;16F688MPPT.mpas,187 :: 		doADCRead:=0;
0x017C	0x01A8      	CLRF       _doADCRead
;16F688MPPT.mpas,189 :: 		vol_prev2:=vol_prev1;
0x017D	0x082B      	MOVF       _vol_prev1, 0
0x017E	0x00A6      	MOVWF      _vol_prev2
0x017F	0x082C      	MOVF       _vol_prev1+1, 0
0x0180	0x00A7      	MOVWF      _vol_prev2+1
;16F688MPPT.mpas,190 :: 		vol_prev1:=adc_vol;
0x0181	0x0832      	MOVF       _adc_vol, 0
0x0182	0x00AB      	MOVWF      _vol_prev1
0x0183	0x0833      	MOVF       _adc_vol+1, 0
0x0184	0x00AC      	MOVWF      _vol_prev1+1
;16F688MPPT.mpas,191 :: 		while doADCRead=0 do ;
L__main30:
0x0185	0x0828      	MOVF       _doADCRead, 0
0x0186	0x3A00      	XORLW      0
0x0187	0x1903      	BTFSC      STATUS, 2
0x0188	0x2985      	GOTO       L__main30
;16F688MPPT.mpas,193 :: 		adc_vol:=ADC_Read(2);
0x0189	0x3002      	MOVLW      2
0x018A	0x00C5      	MOVWF      FARG_ADC_Read_channel
0x018B	0x2046      	CALL       _ADC_Read
0x018C	0x0870      	MOVF       R0, 0
0x018D	0x00B2      	MOVWF      _adc_vol
0x018E	0x0871      	MOVF       R0+1, 0
0x018F	0x00B3      	MOVWF      _adc_vol+1
;16F688MPPT.mpas,194 :: 		adc_cur:=ADC_Read(0);
0x0190	0x01C5      	CLRF       FARG_ADC_Read_channel
0x0191	0x2046      	CALL       _ADC_Read
0x0192	0x0870      	MOVF       R0, 0
0x0193	0x00C3      	MOVWF      _adc_cur
0x0194	0x0871      	MOVF       R0+1, 0
0x0195	0x00C4      	MOVWF      _adc_cur+1
;16F688MPPT.mpas,195 :: 		for i:=0 to adc_max_loop-2 do begin
0x0196	0x01B4      	CLRF       _i
L__main35:
;16F688MPPT.mpas,196 :: 		wtmp:=ADC_Read(2);
0x0197	0x3002      	MOVLW      2
0x0198	0x00C5      	MOVWF      FARG_ADC_Read_channel
0x0199	0x2046      	CALL       _ADC_Read
0x019A	0x0870      	MOVF       R0, 0
0x019B	0x00A9      	MOVWF      _wtmp
0x019C	0x0871      	MOVF       R0+1, 0
0x019D	0x00AA      	MOVWF      _wtmp+1
;16F688MPPT.mpas,197 :: 		xtmp:=ADC_Read(0);
0x019E	0x01C5      	CLRF       FARG_ADC_Read_channel
0x019F	0x2046      	CALL       _ADC_Read
0x01A0	0x0870      	MOVF       R0, 0
0x01A1	0x00B9      	MOVWF      _xtmp
0x01A2	0x0871      	MOVF       R0+1, 0
0x01A3	0x00BA      	MOVWF      _xtmp+1
;16F688MPPT.mpas,198 :: 		adc_vol:=(adc_vol+wtmp) div 2;
0x01A4	0x0829      	MOVF       _wtmp, 0
0x01A5	0x07B2      	ADDWF      _adc_vol, 1
0x01A6	0x082A      	MOVF       _wtmp+1, 0
0x01A7	0x1803      	BTFSC      STATUS, 0
0x01A8	0x3E01      	ADDLW      1
0x01A9	0x07B3      	ADDWF      _adc_vol+1, 1
0x01AA	0x0CB3      	RRF        _adc_vol+1, 1
0x01AB	0x0CB2      	RRF        _adc_vol, 1
0x01AC	0x13B3      	BCF        _adc_vol+1, 7
;16F688MPPT.mpas,199 :: 		adc_cur:=(adc_cur+xtmp) div 2;
0x01AD	0x0870      	MOVF       R0, 0
0x01AE	0x07C3      	ADDWF      _adc_cur, 1
0x01AF	0x0871      	MOVF       R0+1, 0
0x01B0	0x1803      	BTFSC      STATUS, 0
0x01B1	0x3E01      	ADDLW      1
0x01B2	0x07C4      	ADDWF      _adc_cur+1, 1
0x01B3	0x0CC4      	RRF        _adc_cur+1, 1
0x01B4	0x0CC3      	RRF        _adc_cur, 1
0x01B5	0x13C4      	BCF        _adc_cur+1, 7
;16F688MPPT.mpas,200 :: 		end;
0x01B6	0x0834      	MOVF       _i, 0
0x01B7	0x3A04      	XORLW      4
0x01B8	0x1903      	BTFSC      STATUS, 2
0x01B9	0x29BC      	GOTO       L__main38
0x01BA	0x0AB4      	INCF       _i, 1
0x01BB	0x2997      	GOTO       L__main35
L__main38:
;16F688MPPT.mpas,201 :: 		adc_vol:=adc_vol * VOLMUL;
0x01BC	0x0DB2      	RLF        _adc_vol, 1
0x01BD	0x0DB3      	RLF        _adc_vol+1, 1
0x01BE	0x1032      	BCF        _adc_vol, 0
0x01BF	0x0DB2      	RLF        _adc_vol, 1
0x01C0	0x0DB3      	RLF        _adc_vol+1, 1
0x01C1	0x1032      	BCF        _adc_vol, 0
;16F688MPPT.mpas,204 :: 		wtmp:=TICK_1000;
0x01C2	0x083E      	MOVF       _TICK_1000, 0
0x01C3	0x00A9      	MOVWF      _wtmp
0x01C4	0x083F      	MOVF       _TICK_1000+1, 0
0x01C5	0x00AA      	MOVWF      _wtmp+1
;16F688MPPT.mpas,205 :: 		if wtmp - powertime < _UPDATE_INT then
0x01C6	0x0824      	MOVF       _powertime, 0
0x01C7	0x023E      	SUBWF      _TICK_1000, 0
0x01C8	0x00F1      	MOVWF      R1
0x01C9	0x0825      	MOVF       _powertime+1, 0
0x01CA	0x1C03      	BTFSS      STATUS, 0
0x01CB	0x3E01      	ADDLW      1
0x01CC	0x023F      	SUBWF      _TICK_1000+1, 0
0x01CD	0x00F2      	MOVWF      R1+1
0x01CE	0x3000      	MOVLW      0
0x01CF	0x0272      	SUBWF      R1+1, 0
0x01D0	0x1D03      	BTFSS      STATUS, 2
0x01D1	0x29D4      	GOTO       L__main70
0x01D2	0x300A      	MOVLW      10
0x01D3	0x0271      	SUBWF      R1, 0
L__main70:
0x01D4	0x1803      	BTFSC      STATUS, 0
0x01D5	0x29D7      	GOTO       L__main40
;16F688MPPT.mpas,206 :: 		goto CONTLOOP;
0x01D6	0x2A72      	GOTO       L__main_CONTLOOP
L__main40:
;16F688MPPT.mpas,207 :: 		clrwdt;
0x01D7	0x0064      	CLRWDT
;16F688MPPT.mpas,208 :: 		powertime:=wtmp;
0x01D8	0x0829      	MOVF       _wtmp, 0
0x01D9	0x00A4      	MOVWF      _powertime
0x01DA	0x082A      	MOVF       _wtmp+1, 0
0x01DB	0x00A5      	MOVWF      _powertime+1
;16F688MPPT.mpas,210 :: 		power_prev:= power_curr;
0x01DC	0x082E      	MOVF       _power_curr, 0
0x01DD	0x00B5      	MOVWF      _power_prev
0x01DE	0x082F      	MOVF       _power_curr+1, 0
0x01DF	0x00B6      	MOVWF      _power_prev+1
0x01E0	0x0830      	MOVF       _power_curr+2, 0
0x01E1	0x00B7      	MOVWF      _power_prev+2
0x01E2	0x0831      	MOVF       _power_curr+3, 0
0x01E3	0x00B8      	MOVWF      _power_prev+3
;16F688MPPT.mpas,211 :: 		power_curr:= adc_vol * adc_cur;
0x01E4	0x0832      	MOVF       _adc_vol, 0
0x01E5	0x00F0      	MOVWF      R0
0x01E6	0x0833      	MOVF       _adc_vol+1, 0
0x01E7	0x00F1      	MOVWF      R0+1
0x01E8	0x01F2      	CLRF       R0+2
0x01E9	0x01F3      	CLRF       R0+3
0x01EA	0x0843      	MOVF       _adc_cur, 0
0x01EB	0x00F4      	MOVWF      R4
0x01EC	0x0844      	MOVF       _adc_cur+1, 0
0x01ED	0x00F5      	MOVWF      R4+1
0x01EE	0x01F6      	CLRF       R4+2
0x01EF	0x01F7      	CLRF       R4+3
0x01F0	0x2072      	CALL       _Mul_32x32_U
0x01F1	0x0870      	MOVF       R0, 0
0x01F2	0x00AE      	MOVWF      _power_curr
0x01F3	0x0871      	MOVF       R0+1, 0
0x01F4	0x00AF      	MOVWF      _power_curr+1
0x01F5	0x0872      	MOVF       R0+2, 0
0x01F6	0x00B0      	MOVWF      _power_curr+2
0x01F7	0x0873      	MOVF       R0+3, 0
0x01F8	0x00B1      	MOVWF      _power_curr+3
;16F688MPPT.mpas,214 :: 		wtmp:=TICK_1000;
0x01F9	0x083E      	MOVF       _TICK_1000, 0
0x01FA	0x00A9      	MOVWF      _wtmp
0x01FB	0x083F      	MOVF       _TICK_1000+1, 0
0x01FC	0x00AA      	MOVWF      _wtmp+1
;16F688MPPT.mpas,215 :: 		if ON_PWM>PWM_MID then begin
0x01FD	0x083C      	MOVF       _ON_PWM, 0
0x01FE	0x3C6E      	SUBLW      110
0x01FF	0x1803      	BTFSC      STATUS, 0
0x0200	0x2A19      	GOTO       L__main43
;16F688MPPT.mpas,216 :: 		if wtmp - voltime > _PWM_CHECK then begin
0x0201	0x0820      	MOVF       _voltime, 0
0x0202	0x0229      	SUBWF      _wtmp, 0
0x0203	0x00F1      	MOVWF      R1
0x0204	0x0821      	MOVF       _voltime+1, 0
0x0205	0x1C03      	BTFSS      STATUS, 0
0x0206	0x3E01      	ADDLW      1
0x0207	0x022A      	SUBWF      _wtmp+1, 0
0x0208	0x00F2      	MOVWF      R1+1
0x0209	0x0872      	MOVF       R1+1, 0
0x020A	0x3C08      	SUBLW      8
0x020B	0x1D03      	BTFSS      STATUS, 2
0x020C	0x2A0F      	GOTO       L__main71
0x020D	0x0871      	MOVF       R1, 0
0x020E	0x3CCA      	SUBLW      202
L__main71:
0x020F	0x1803      	BTFSC      STATUS, 0
0x0210	0x2A18      	GOTO       L__main46
;16F688MPPT.mpas,217 :: 		voltime:=wtmp;
0x0211	0x0829      	MOVF       _wtmp, 0
0x0212	0x00A0      	MOVWF      _voltime
0x0213	0x082A      	MOVF       _wtmp+1, 0
0x0214	0x00A1      	MOVWF      _voltime+1
;16F688MPPT.mpas,218 :: 		adc_cur:=LM358_diff;
0x0215	0x083D      	MOVF       _LM358_diff, 0
0x0216	0x00C3      	MOVWF      _adc_cur
0x0217	0x01C4      	CLRF       _adc_cur+1
;16F688MPPT.mpas,219 :: 		end;
L__main46:
;16F688MPPT.mpas,220 :: 		end else
0x0218	0x2A1D      	GOTO       L__main44
L__main43:
;16F688MPPT.mpas,221 :: 		voltime:=wtmp;
0x0219	0x0829      	MOVF       _wtmp, 0
0x021A	0x00A0      	MOVWF      _voltime
0x021B	0x082A      	MOVF       _wtmp+1, 0
0x021C	0x00A1      	MOVWF      _voltime+1
L__main44:
;16F688MPPT.mpas,223 :: 		if adc_cur>LM358_diff then begin
0x021D	0x0844      	MOVF       _adc_cur+1, 0
0x021E	0x3C00      	SUBLW      0
0x021F	0x1D03      	BTFSS      STATUS, 2
0x0220	0x2A23      	GOTO       L__main72
0x0221	0x0843      	MOVF       _adc_cur, 0
0x0222	0x023D      	SUBWF      _LM358_diff, 0
L__main72:
0x0223	0x1803      	BTFSC      STATUS, 0
0x0224	0x2A4F      	GOTO       L__main49
;16F688MPPT.mpas,225 :: 		if power_curr = power_prev then begin
0x0225	0x0831      	MOVF       _power_curr+3, 0
0x0226	0x0638      	XORWF      _power_prev+3, 0
0x0227	0x1D03      	BTFSS      STATUS, 2
0x0228	0x2A33      	GOTO       L__main73
0x0229	0x0830      	MOVF       _power_curr+2, 0
0x022A	0x0637      	XORWF      _power_prev+2, 0
0x022B	0x1D03      	BTFSS      STATUS, 2
0x022C	0x2A33      	GOTO       L__main73
0x022D	0x082F      	MOVF       _power_curr+1, 0
0x022E	0x0636      	XORWF      _power_prev+1, 0
0x022F	0x1D03      	BTFSS      STATUS, 2
0x0230	0x2A33      	GOTO       L__main73
0x0231	0x082E      	MOVF       _power_curr, 0
0x0232	0x0635      	XORWF      _power_prev, 0
L__main73:
0x0233	0x1D03      	BTFSS      STATUS, 2
0x0234	0x2A38      	GOTO       L__main52
;16F688MPPT.mpas,226 :: 		LED1_tm:=250;
0x0235	0x30FA      	MOVLW      250
0x0236	0x00C0      	MOVWF      _LED1_tm
;16F688MPPT.mpas,227 :: 		goto CONTLOOP;
0x0237	0x2A72      	GOTO       L__main_CONTLOOP
;16F688MPPT.mpas,228 :: 		end else if power_curr < power_prev then begin
L__main52:
0x0238	0x0838      	MOVF       _power_prev+3, 0
0x0239	0x0231      	SUBWF      _power_curr+3, 0
0x023A	0x1D03      	BTFSS      STATUS, 2
0x023B	0x2A46      	GOTO       L__main74
0x023C	0x0837      	MOVF       _power_prev+2, 0
0x023D	0x0230      	SUBWF      _power_curr+2, 0
0x023E	0x1D03      	BTFSS      STATUS, 2
0x023F	0x2A46      	GOTO       L__main74
0x0240	0x0836      	MOVF       _power_prev+1, 0
0x0241	0x022F      	SUBWF      _power_curr+1, 0
0x0242	0x1D03      	BTFSS      STATUS, 2
0x0243	0x2A46      	GOTO       L__main74
0x0244	0x0835      	MOVF       _power_prev, 0
0x0245	0x022E      	SUBWF      _power_curr, 0
L__main74:
0x0246	0x1803      	BTFSC      STATUS, 0
0x0247	0x2A4C      	GOTO       L__main55
;16F688MPPT.mpas,229 :: 		LED1_tm:=150;
0x0248	0x3096      	MOVLW      150
0x0249	0x00C0      	MOVWF      _LED1_tm
;16F688MPPT.mpas,230 :: 		flag_inc:=not flag_inc;
0x024A	0x09AD      	COMF       _flag_inc, 1
;16F688MPPT.mpas,231 :: 		end else
0x024B	0x2A4E      	GOTO       L__main56
L__main55:
;16F688MPPT.mpas,232 :: 		LED1_tm:=200;
0x024C	0x30C8      	MOVLW      200
0x024D	0x00C0      	MOVWF      _LED1_tm
L__main56:
;16F688MPPT.mpas,238 :: 		end else begin
0x024E	0x2A5B      	GOTO       L__main50
L__main49:
;16F688MPPT.mpas,239 :: 		LED1_tm:=100;
0x024F	0x3064      	MOVLW      100
0x0250	0x00C0      	MOVWF      _LED1_tm
;16F688MPPT.mpas,240 :: 		VOLPWM:=PWM_MID;
0x0251	0x306E      	MOVLW      110
0x0252	0x00BB      	MOVWF      _VOLPWM
;16F688MPPT.mpas,241 :: 		flag_inc:=false;
0x0253	0x01AD      	CLRF       _flag_inc
;16F688MPPT.mpas,242 :: 		power_curr:=0;
0x0254	0x01AE      	CLRF       _power_curr
0x0255	0x01AF      	CLRF       _power_curr+1
0x0256	0x01B0      	CLRF       _power_curr+2
0x0257	0x01B1      	CLRF       _power_curr+3
;16F688MPPT.mpas,243 :: 		adc_cur:=0;
0x0258	0x01C3      	CLRF       _adc_cur
0x0259	0x01C4      	CLRF       _adc_cur+1
;16F688MPPT.mpas,244 :: 		goto CONTLOOP;
0x025A	0x2A72      	GOTO       L__main_CONTLOOP
;16F688MPPT.mpas,245 :: 		end;
L__main50:
;16F688MPPT.mpas,248 :: 		if flag_inc then begin
0x025B	0x082D      	MOVF       _flag_inc, 0
0x025C	0x1903      	BTFSC      STATUS, 2
0x025D	0x2A68      	GOTO       L__main58
;16F688MPPT.mpas,249 :: 		if VOLPWM<PWM_MAX then
0x025E	0x30E6      	MOVLW      230
0x025F	0x023B      	SUBWF      _VOLPWM, 0
0x0260	0x1803      	BTFSC      STATUS, 0
0x0261	0x2A64      	GOTO       L__main61
;16F688MPPT.mpas,250 :: 		Inc(VOLPWM)
0x0262	0x0ABB      	INCF       _VOLPWM, 1
0x0263	0x2A67      	GOTO       L__main62
;16F688MPPT.mpas,251 :: 		else begin
L__main61:
;16F688MPPT.mpas,252 :: 		VOLPWM:=PWM_MAX;
0x0264	0x30E6      	MOVLW      230
0x0265	0x00BB      	MOVWF      _VOLPWM
;16F688MPPT.mpas,253 :: 		flag_inc:=false;
0x0266	0x01AD      	CLRF       _flag_inc
;16F688MPPT.mpas,254 :: 		end;
L__main62:
;16F688MPPT.mpas,255 :: 		end else begin
0x0267	0x2A72      	GOTO       L__main59
L__main58:
;16F688MPPT.mpas,256 :: 		if VOLPWM>PWM_MIN then
0x0268	0x083B      	MOVF       _VOLPWM, 0
0x0269	0x3C01      	SUBLW      1
0x026A	0x1803      	BTFSC      STATUS, 0
0x026B	0x2A6E      	GOTO       L__main64
;16F688MPPT.mpas,257 :: 		Dec(VOLPWM)
0x026C	0x03BB      	DECF       _VOLPWM, 1
0x026D	0x2A72      	GOTO       L__main65
;16F688MPPT.mpas,258 :: 		else begin
L__main64:
;16F688MPPT.mpas,259 :: 		VOLPWM:=PWM_MIN;
0x026E	0x3001      	MOVLW      1
0x026F	0x00BB      	MOVWF      _VOLPWM
;16F688MPPT.mpas,260 :: 		flag_inc:=true;
0x0270	0x30FF      	MOVLW      255
0x0271	0x00AD      	MOVWF      _flag_inc
;16F688MPPT.mpas,261 :: 		end;
L__main65:
;16F688MPPT.mpas,262 :: 		end;
L__main59:
;16F688MPPT.mpas,263 :: 		CONTLOOP:
L__main_CONTLOOP:
;16F688MPPT.mpas,265 :: 		end;
0x0272	0x2962      	GOTO       L__main22
;16F688MPPT.mpas,266 :: 		end.
L_end_main:
0x0273	0x2A73      	GOTO       $+0
; end of _main
Symbol List:
//** Routines locations **
//ADDRESS    SIZE    PROCEDURE
//----------------------------------------------
0x0004      [42]    _Interrupt
0x002E       [8]    _Delay_22us
0x0036      [16]    _Delay_100ms
0x0046      [44]    _ADC_Read
0x0072      [55]    _Mul_32x32_U
0x00A9      [31]    _EEPROM_Write
0x00C8      [12]    _EEPROM_Read
0x00D4     [416]    _main
//** Variables locations ** 
//ADDRESS    SIZE    VARIABLE
//----------------------------------------------
0x0001       [1]    TMR0
0x0003       [1]    STATUS
0x0007       [0]    RC3_bit
0x0007       [0]    LED1
0x0007       [0]    RC1_bit
0x0007       [0]    RC4_bit
0x0007       [0]    Write_OPAMP
0x0007       [0]    PWM_SIG
0x000B       [0]    TMR0IE_bit
0x000B       [1]    INTCON
0x000B       [0]    T0IF_bit
0x000B       [0]    GIE_bit
0x000B       [0]    PEIE_bit
0x000C       [0]    T1IF_bit
0x000E       [1]    TMR1L
0x000F       [1]    TMR1H
0x0010       [0]    TMR1ON_bit
0x0010       [0]    TMR1CS_bit
0x0010       [0]    T1CKPS0_bit
0x0010       [0]    T1CKPS1_bit
0x0019       [1]    CMCON0
0x001E       [1]    ADRESH
0x001F       [0]    CHS1_bit
0x001F       [1]    ADCON0
0x001F       [0]    VCFG_bit
0x001F       [0]    ADFM_bit
0x0020       [2]    _voltime
0x0022       [2]    _prevtime
0x0024       [2]    _powertime
0x0026       [2]    _vol_prev2
0x0028       [1]    _doADCRead
0x0029       [2]    _wtmp
0x002B       [2]    _vol_prev1
0x002D       [1]    _flag_inc
0x002E       [4]    _power_curr
0x0032       [2]    _adc_vol
0x0034       [1]    _i
0x0035       [4]    _power_prev
0x0039       [2]    _xtmp
0x003B       [1]    _VOLPWM
0x003C       [1]    _ON_PWM
0x003D       [1]    _LM358_diff
0x003E       [2]    _TICK_1000
0x0040       [1]    _LED1_tm
0x0041       [1]    ___saveSTATUS
0x0042       [1]    ___savePCLATH
0x0043       [2]    _adc_cur
0x0045       [1]    FARG_EEPROM_Read_address
0x0045       [1]    FARG_ADC_Read_channel
0x0045       [1]    FARG_EEPROM_Write_address
0x0046       [2]    ADC_Read_local_result
0x0046       [1]    FARG_EEPROM_Write_data_
0x0070       [1]    R0
0x0071       [1]    R1
0x0072       [1]    R2
0x0073       [1]    R3
0x0074       [1]    R4
0x0075       [1]    R5
0x0076       [1]    R6
0x0077       [1]    R7
0x0078       [1]    R8
0x0079       [1]    R9
0x007A       [1]    R10
0x007B       [1]    R11
0x007C       [1]    R12
0x007D       [1]    R13
0x007E       [1]    R14
0x007F       [1]    R15
0x0081       [1]    OPTION_REG
0x0085       [0]    TRISA0_bit
0x0085       [0]    TRISA2_bit
0x0085       [0]    TRISA1_bit
0x0087       [0]    TRISC1_bit
0x0087       [0]    TRISC4_bit
0x0087       [0]    TRISC3_bit
0x008C       [0]    TMR1IE_bit
0x0091       [1]    ANSEL
0x009A       [1]    EEDATA
0x009B       [1]    EEADR
0x009C       [1]    EECON1
0x009D       [1]    EECON2
0x009E       [1]    ADRESL
0x009F       [1]    ADCON1
